<?xml version="1.0" encoding="UTF-8"?>
<testng-results ignored="0" total="1" passed="1" failed="0" skipped="0">
  <reporter-output>
  </reporter-output>
  <suite started-at="2024-03-09T12:55:53 IST" name="Suite" finished-at="2024-03-09T12:56:19 IST" duration-ms="26802">
    <groups>
    </groups>
    <test started-at="2024-03-09T12:55:53 IST" name="Test" finished-at="2024-03-09T12:56:19 IST" duration-ms="26802">
      <class name="test2.Baseclass">
        <test-method is-config="true" signature="setup()[pri:0, instance:test2.Baseclass@7d4f9aae]" started-at="2024-03-09T12:55:53 IST" name="setup" finished-at="2024-03-09T12:55:57 IST" duration-ms="4075" status="PASS">
          <reporter-output>
          </reporter-output>
        </test-method> <!-- setup -->
        <test-method is-config="true" signature="setUp()[pri:0, instance:test2.Baseclass@7d4f9aae]" started-at="2024-03-09T12:55:57 IST" name="setUp" finished-at="2024-03-09T12:56:13 IST" duration-ms="15844" status="PASS">
          <reporter-output>
          </reporter-output>
        </test-method> <!-- setUp -->
        <test-method signature="home()[pri:1, instance:test2.Baseclass@7d4f9aae]" started-at="2024-03-09T12:56:13 IST" name="home" finished-at="2024-03-09T12:56:19 IST" duration-ms="6725" status="PASS">
          <reporter-output>
          </reporter-output>
        </test-method> <!-- home -->
      </class> <!-- test2.Baseclass -->
    </test> <!-- Test -->
  </suite> <!-- Suite -->
</testng-results>
